{"log":
 [{"message":
   ".> LEAN_PATH=././.lake/packages/batteries/.lake/build/lib:././.lake/packages/Qq/.lake/build/lib:././.lake/packages/aesop/.lake/build/lib:././.lake/packages/proofwidgets/.lake/build/lib:././.lake/packages/Cli/.lake/build/lib:././.lake/packages/importGraph/.lake/build/lib:././.lake/packages/mathlib/.lake/build/lib:././.lake/build/lib LD_LIBRARY_PATH=././.lake/build/lib /export/jyuan98/elan/toolchains/leanprover--lean4---v4.9.0/bin/lean -DautoImplicit=false ./././BenchmarkData49/calculus_4_9.lean -R ./././BenchmarkData49 -o ././.lake/build/lib/calculus_4_9.olean -i ././.lake/build/lib/calculus_4_9.ilean -c ././.lake/build/ir/calculus_4_9.c --json",
   "level": "trace"},
  {"message":
   "./././BenchmarkData49/calculus_4_9.lean:19:8: declaration uses 'sorry'",
   "level": "warning"},
  {"message":
   "./././BenchmarkData49/calculus_4_9.lean:29:8: declaration uses 'sorry'",
   "level": "warning"},
  {"message":
   "./././BenchmarkData49/calculus_4_9.lean:35:8: declaration uses 'sorry'",
   "level": "warning"},
  {"message":
   "./././BenchmarkData49/calculus_4_9.lean:41:8: declaration uses 'sorry'",
   "level": "warning"},
  {"message":
   "./././BenchmarkData49/calculus_4_9.lean:48:8: declaration uses 'sorry'",
   "level": "warning"},
  {"message":
   "./././BenchmarkData49/calculus_4_9.lean:55:8: declaration uses 'sorry'",
   "level": "warning"},
  {"message":
   "./././BenchmarkData49/calculus_4_9.lean:62:8: declaration uses 'sorry'",
   "level": "warning"},
  {"message":
   "./././BenchmarkData49/calculus_4_9.lean:69:8: declaration uses 'sorry'",
   "level": "warning"},
  {"message":
   "./././BenchmarkData49/calculus_4_9.lean:75:8: declaration uses 'sorry'",
   "level": "warning"},
  {"message":
   "./././BenchmarkData49/calculus_4_9.lean:83:8: declaration uses 'sorry'",
   "level": "warning"},
  {"message":
   "./././BenchmarkData49/calculus_4_9.lean:90:8: declaration uses 'sorry'",
   "level": "warning"},
  {"message":
   "./././BenchmarkData49/calculus_4_9.lean:97:8: declaration uses 'sorry'",
   "level": "warning"},
  {"message":
   "./././BenchmarkData49/calculus_4_9.lean:104:8: declaration uses 'sorry'",
   "level": "warning"},
  {"message":
   "./././BenchmarkData49/calculus_4_9.lean:111:8: declaration uses 'sorry'",
   "level": "warning"},
  {"message":
   "./././BenchmarkData49/calculus_4_9.lean:118:8: declaration uses 'sorry'",
   "level": "warning"},
  {"message":
   "./././BenchmarkData49/calculus_4_9.lean:126:8: declaration uses 'sorry'",
   "level": "warning"},
  {"message":
   "./././BenchmarkData49/calculus_4_9.lean:133:8: declaration uses 'sorry'",
   "level": "warning"},
  {"message":
   "./././BenchmarkData49/calculus_4_9.lean:140:8: declaration uses 'sorry'",
   "level": "warning"},
  {"message":
   "./././BenchmarkData49/calculus_4_9.lean:146:8: declaration uses 'sorry'",
   "level": "warning"},
  {"message":
   "./././BenchmarkData49/calculus_4_9.lean:154:8: declaration uses 'sorry'",
   "level": "warning"},
  {"message":
   "./././BenchmarkData49/calculus_4_9.lean:161:8: declaration uses 'sorry'",
   "level": "warning"},
  {"message":
   "./././BenchmarkData49/calculus_4_9.lean:168:8: declaration uses 'sorry'",
   "level": "warning"},
  {"message":
   "./././BenchmarkData49/calculus_4_9.lean:176:8: declaration uses 'sorry'",
   "level": "warning"},
  {"message":
   "./././BenchmarkData49/calculus_4_9.lean:184:8: declaration uses 'sorry'",
   "level": "warning"},
  {"message":
   "./././BenchmarkData49/calculus_4_9.lean:192:8: declaration uses 'sorry'",
   "level": "warning"},
  {"message":
   "./././BenchmarkData49/calculus_4_9.lean:203:8: declaration uses 'sorry'",
   "level": "warning"}],
 "depHash": "17578309706466987019"}