{"log":
 [{"message":
   ".> LEAN_PATH=././.lake/packages/batteries/.lake/build/lib:././.lake/packages/Qq/.lake/build/lib:././.lake/packages/aesop/.lake/build/lib:././.lake/packages/proofwidgets/.lake/build/lib:././.lake/packages/Cli/.lake/build/lib:././.lake/packages/importGraph/.lake/build/lib:././.lake/packages/mathlib/.lake/build/lib:././.lake/build/lib LD_LIBRARY_PATH=././.lake/build/lib /export/jyuan98/elan/toolchains/leanprover--lean4---v4.9.0/bin/lean -DautoImplicit=false ./././BenchmarkData49/complex_analysis_4_9.lean -R ./././BenchmarkData49 -o ././.lake/build/lib/complex_analysis_4_9.olean -i ././.lake/build/lib/complex_analysis_4_9.ilean -c ././.lake/build/ir/complex_analysis_4_9.c --json",
   "level": "trace"},
  {"message":
   "./././BenchmarkData49/complex_analysis_4_9.lean:19:8: declaration uses 'sorry'",
   "level": "warning"},
  {"message":
   "./././BenchmarkData49/complex_analysis_4_9.lean:27:8: declaration uses 'sorry'",
   "level": "warning"},
  {"message":
   "./././BenchmarkData49/complex_analysis_4_9.lean:39:8: declaration uses 'sorry'",
   "level": "warning"},
  {"message":
   "./././BenchmarkData49/complex_analysis_4_9.lean:50:8: declaration uses 'sorry'",
   "level": "warning"},
  {"message":
   "./././BenchmarkData49/complex_analysis_4_9.lean:62:8: declaration uses 'sorry'",
   "level": "warning"},
  {"message":
   "./././BenchmarkData49/complex_analysis_4_9.lean:68:8: declaration uses 'sorry'",
   "level": "warning"},
  {"message":
   "./././BenchmarkData49/complex_analysis_4_9.lean:76:8: declaration uses 'sorry'",
   "level": "warning"},
  {"message":
   "./././BenchmarkData49/complex_analysis_4_9.lean:86:8: declaration uses 'sorry'",
   "level": "warning"},
  {"message":
   "./././BenchmarkData49/complex_analysis_4_9.lean:94:8: declaration uses 'sorry'",
   "level": "warning"},
  {"message":
   "./././BenchmarkData49/complex_analysis_4_9.lean:102:8: declaration uses 'sorry'",
   "level": "warning"},
  {"message":
   "./././BenchmarkData49/complex_analysis_4_9.lean:113:8: declaration uses 'sorry'",
   "level": "warning"},
  {"message":
   "./././BenchmarkData49/complex_analysis_4_9.lean:124:8: declaration uses 'sorry'",
   "level": "warning"},
  {"message":
   "./././BenchmarkData49/complex_analysis_4_9.lean:135:8: declaration uses 'sorry'",
   "level": "warning"},
  {"message":
   "./././BenchmarkData49/complex_analysis_4_9.lean:145:8: declaration uses 'sorry'",
   "level": "warning"},
  {"message":
   "./././BenchmarkData49/complex_analysis_4_9.lean:156:8: declaration uses 'sorry'",
   "level": "warning"}],
 "depHash": "17517578338965398156"}