{"log":
 [{"message":
   ".> LEAN_PATH=././.lake/packages/batteries/.lake/build/lib:././.lake/packages/Qq/.lake/build/lib:././.lake/packages/aesop/.lake/build/lib:././.lake/packages/proofwidgets/.lake/build/lib:././.lake/packages/Cli/.lake/build/lib:././.lake/packages/importGraph/.lake/build/lib:././.lake/packages/mathlib/.lake/build/lib:././.lake/build/lib LD_LIBRARY_PATH=././.lake/build/lib /export/jyuan98/elan/toolchains/leanprover--lean4---v4.9.0/bin/lean -DautoImplicit=false ./././BenchmarkData49/geometry_4_9.lean -R ./././BenchmarkData49 -o ././.lake/build/lib/geometry_4_9.olean -i ././.lake/build/lib/geometry_4_9.ilean -c ././.lake/build/ir/geometry_4_9.c --json",
   "level": "trace"},
  {"message":
   "./././BenchmarkData49/geometry_4_9.lean:19:8: declaration uses 'sorry'",
   "level": "warning"},
  {"message":
   "./././BenchmarkData49/geometry_4_9.lean:26:8: declaration uses 'sorry'",
   "level": "warning"},
  {"message":
   "./././BenchmarkData49/geometry_4_9.lean:33:8: declaration uses 'sorry'",
   "level": "warning"},
  {"message":
   "./././BenchmarkData49/geometry_4_9.lean:61:8: declaration uses 'sorry'",
   "level": "warning"},
  {"message":
   "./././BenchmarkData49/geometry_4_9.lean:75:8: declaration uses 'sorry'",
   "level": "warning"},
  {"message":
   "./././BenchmarkData49/geometry_4_9.lean:92:8: declaration uses 'sorry'",
   "level": "warning"},
  {"message":
   "./././BenchmarkData49/geometry_4_9.lean:101:8: declaration uses 'sorry'",
   "level": "warning"},
  {"message":
   "./././BenchmarkData49/geometry_4_9.lean:109:8: declaration uses 'sorry'",
   "level": "warning"},
  {"message":
   "./././BenchmarkData49/geometry_4_9.lean:129:8: declaration uses 'sorry'",
   "level": "warning"},
  {"message":
   "./././BenchmarkData49/geometry_4_9.lean:139:8: declaration uses 'sorry'",
   "level": "warning"},
  {"message":
   "./././BenchmarkData49/geometry_4_9.lean:147:8: declaration uses 'sorry'",
   "level": "warning"},
  {"message":
   "./././BenchmarkData49/geometry_4_9.lean:165:8: declaration uses 'sorry'",
   "level": "warning"},
  {"message":
   "./././BenchmarkData49/geometry_4_9.lean:193:8: declaration uses 'sorry'",
   "level": "warning"},
  {"message":
   "./././BenchmarkData49/geometry_4_9.lean:202:8: declaration uses 'sorry'",
   "level": "warning"},
  {"message":
   "./././BenchmarkData49/geometry_4_9.lean:219:8: declaration uses 'sorry'",
   "level": "warning"},
  {"message":
   "./././BenchmarkData49/geometry_4_9.lean:240:8: declaration uses 'sorry'",
   "level": "warning"},
  {"message":
   "./././BenchmarkData49/geometry_4_9.lean:253:8: declaration uses 'sorry'",
   "level": "warning"},
  {"message":
   "./././BenchmarkData49/geometry_4_9.lean:267:8: declaration uses 'sorry'",
   "level": "warning"},
  {"message":
   "./././BenchmarkData49/geometry_4_9.lean:279:8: declaration uses 'sorry'",
   "level": "warning"},
  {"message":
   "./././BenchmarkData49/geometry_4_9.lean:300:8: declaration uses 'sorry'",
   "level": "warning"},
  {"message":
   "./././BenchmarkData49/geometry_4_9.lean:309:8: declaration uses 'sorry'",
   "level": "warning"},
  {"message":
   "./././BenchmarkData49/geometry_4_9.lean:323:0: declaration uses 'sorry'",
   "level": "warning"},
  {"message":
   "./././BenchmarkData49/geometry_4_9.lean:324:0: declaration uses 'sorry'",
   "level": "warning"},
  {"message":
   "./././BenchmarkData49/geometry_4_9.lean:326:0: declaration uses 'sorry'",
   "level": "warning"},
  {"message":
   "./././BenchmarkData49/geometry_4_9.lean:346:8: declaration uses 'sorry'",
   "level": "warning"},
  {"message":
   "./././BenchmarkData49/geometry_4_9.lean:362:8: declaration uses 'sorry'",
   "level": "warning"},
  {"message":
   "./././BenchmarkData49/geometry_4_9.lean:387:8: declaration uses 'sorry'",
   "level": "warning"}],
 "depHash": "3132026830157759319"}