{"log":
 [{"message":
   ".> LEAN_PATH=././.lake/packages/batteries/.lake/build/lib:././.lake/packages/Qq/.lake/build/lib:././.lake/packages/aesop/.lake/build/lib:././.lake/packages/proofwidgets/.lake/build/lib:././.lake/packages/Cli/.lake/build/lib:././.lake/packages/importGraph/.lake/build/lib:././.lake/packages/mathlib/.lake/build/lib:././.lake/build/lib LD_LIBRARY_PATH=././.lake/build/lib /export/jyuan98/elan/toolchains/leanprover--lean4---v4.9.0/bin/lean -DautoImplicit=false ./././BenchmarkData49/topology_4_9.lean -R ./././BenchmarkData49 -o ././.lake/build/lib/topology_4_9.olean -i ././.lake/build/lib/topology_4_9.ilean -c ././.lake/build/ir/topology_4_9.c --json",
   "level": "trace"},
  {"message":
   "./././BenchmarkData49/topology_4_9.lean:33:8: declaration uses 'sorry'",
   "level": "warning"},
  {"message":
   "./././BenchmarkData49/topology_4_9.lean:50:8: declaration uses 'sorry'",
   "level": "warning"},
  {"message":
   "./././BenchmarkData49/topology_4_9.lean:64:8: declaration uses 'sorry'",
   "level": "warning"},
  {"message":
   "./././BenchmarkData49/topology_4_9.lean:78:8: declaration uses 'sorry'",
   "level": "warning"},
  {"message":
   "./././BenchmarkData49/topology_4_9.lean:90:8: declaration uses 'sorry'",
   "level": "warning"},
  {"message":
   "./././BenchmarkData49/topology_4_9.lean:104:8: declaration uses 'sorry'",
   "level": "warning"},
  {"message":
   "./././BenchmarkData49/topology_4_9.lean:147:8: declaration uses 'sorry'",
   "level": "warning"},
  {"message":
   "./././BenchmarkData49/topology_4_9.lean:161:51: unused variable `h`\nnote: this linter can be disabled with `set_option linter.unusedVariables false`",
   "level": "warning"},
  {"message":
   "./././BenchmarkData49/topology_4_9.lean:170:8: declaration uses 'sorry'",
   "level": "warning"}],
 "depHash": "16574584665509205403"}